2023-12-01T07:57:53.588Z
cwd: ~/Documents/GitHub/fds-prototype
package: govuk-prototype-kit@13.15.3
argv: /usr/local/bin/node ~/.npm/_npx/751a68202a4807b7/node_modules/.bin/govuk-prototype-kit migrate
Started [Check migration is being applied to a pre v13 prototype]
Succeeded [Check migration is being applied to a pre v13 prototype]
2023-12-01T07:58:02.810Z
cwd: ~/Documents/GitHub/fds-prototype
package: govuk-prototype-kit@13.15.3
argv: /usr/local/bin/node ~/Documents/GitHub/fds-prototype/node_modules/.bin/govuk-prototype-kit migrate -- ~/Documents/GitHub/fds-prototype
Started [Migrate config.js to config.json]
Started [Update application SCSS file]
Started [Deleted files that are no longer needed]
Started [Deleted directories that are no longer needed]
Started [Delete listen-on-port.js]
Started [Delete server.js]
Started [Delete start.js]
Started [Delete gulpfile.js]
Started [Delete VERSION.txt]
Started [Delete Procfile]
Started [Delete app/assets/sass/application-ie8.scss]
Started [Delete app/assets/sass/unbranded-ie8.scss]
Started [Remove unused directory docs]
Started [Remove unused directory gulp]
Started [Remove unused directory lib]
Succeeded [Migrate config.js to config.json]
Succeeded [Delete listen-on-port.js]
Succeeded [Delete start.js]
Succeeded [Delete server.js]
Succeeded [Delete gulpfile.js]
Succeeded [Delete VERSION.txt]
Succeeded [Delete app/assets/sass/application-ie8.scss]
Succeeded [Delete Procfile]
Succeeded [Delete app/assets/sass/unbranded-ie8.scss]
Succeeded [Deleted files that are no longer needed]
Found [// Add your routes here - above the module.exports line] in [app/routes.js], replacing
Started [Overwrite app/filters.js]
Started [Overwrite app/assets/javascripts/application.js]
Found [// Add extra styles here, or re-organise the Sass files in whichever way makes most sense to you] in [app/assets/sass/application.scss], replacing
Started [Overwrite app/views/layout.html]
Keeping these lines from old file
Copying from [node_modules/govuk-prototype-kit/prototype-starter/app/filters.js] to [app/filters.js]
Started [Delete app/assets/images/separator-2x.png]
Started [Delete app/assets/images/separator.png]
Started [Delete app/assets/javascripts/auto-store-data.js]
Started [Delete app/assets/images/unbranded.ico]
Started [Delete app/assets/sass/unbranded.scss]
Started [Delete app/views/includes/head.html]
Started [Delete app/views/includes/breadcrumb_examples.html]
Started [Delete app/views/layout_unbranded.html]
Started [Delete app/views/includes/scripts.html]
Started [Delete app/views/includes/cookie-banner.html]
Started [Delete app/assets/sass/patterns/_step-by-step-header.scss]
Started [Delete app/assets/javascripts/jquery-1.11.3.js]
Started [Delete app/assets/sass/patterns/_related-items.scss]
Started [Delete app/assets/sass/patterns/_step-by-step-related.scss]
Copying from [node_modules/govuk-prototype-kit/prototype-starter/app/assets/javascripts/application.js] to [app/assets/javascripts/application.js]
Keeping these lines from old file
Failed [Overwrite app/views/layout.html]
Started [Delete app/assets/sass/patterns/_task-list.scss]
Started [Delete app/assets/sass/patterns/_step-by-step-nav.scss]
Failed [Delete app/views/includes/head.html]
Succeeded [Remove unused directory gulp]
Succeeded [Delete app/assets/images/separator-2x.png]
Succeeded [Delete app/assets/javascripts/auto-store-data.js]
Succeeded [Delete app/assets/images/unbranded.ico]
Succeeded [Delete app/assets/images/separator.png]
Succeeded [Delete app/assets/sass/unbranded.scss]
Succeeded [Delete app/views/includes/scripts.html]
Succeeded [Delete app/assets/sass/patterns/_step-by-step-header.scss]
Succeeded [Delete app/views/includes/cookie-banner.html]
Succeeded [Delete app/assets/sass/patterns/_related-items.scss]
Succeeded [Delete app/assets/sass/patterns/_task-list.scss]
Succeeded [Update application SCSS file]
Succeeded [Delete app/assets/sass/patterns/_step-by-step-related.scss]
Succeeded [Delete app/views/layout_unbranded.html]
Succeeded [Delete app/assets/sass/patterns/_step-by-step-nav.scss]
Succeeded [Delete app/views/includes/breadcrumb_examples.html]
Succeeded [Delete app/assets/javascripts/jquery-1.11.3.js]
//,// For guidance on how to create routes see:,// https://prototype-kit.service.gov.uk/docs/create-routes,//,,const govukPrototypeKit = require('govuk-prototype-kit'),const router = govukPrototypeKit.requests.setupRouter(),,// Add your routes here,,router.get('/', function (req, res) {,  req.session.destroy(),  res.render('index', {,  }),}),,// Sign in,router.get('/sign-in', function (req, res) {,  res.render('sign-in', {,  }),}),,router.post('/sign-in', function (req, res) {,  var errors = [],  if (req.session.data['sign-in'] === '') {,    errors.push({,      text: 'Enter the company number',,      href: '#sign-in',    }),    res.render('sign-in', {,      errorNum: true,,      errorList: errors,    }),  } else {,    res.redirect('company-number'),  },}),,// Company number,router.get('/company-number', function (req, res) {,  res.render('company-number', {,  }),}),,router.post('/company-number', function (req, res) {,  var errors = [],  if (req.session.data['company-number'] === '') {,    errors.push({,      text: 'Enter the company number',,      href: '#company-number',    }),    res.render('company-number', {,      errorNum: true,,      errorList: errors,    }),  } else {,    res.redirect('confirm-company'),  },}),,// Auth,router.get('/auth-screen', function (req, res) {,  res.render('auth-screen', {,  }),}),,router.post('/auth-screen', function (req, res) {,  var errors = [],  if (req.session.data['authNumber'] === '') {,    errors.push({,      text: 'Enter the company authentication code',,      href: '#auth-number',    }),    res.render('auth-screen', {,      errorAuth: true,,      errorList: errors,    }),  } else {,    res.redirect('type-of-form'),  },}),,module.exports = router,
Found [module.exports = router;,module.exports = router] in [app/routes.js], removing
Succeeded [Remove unused directory lib]
Succeeded [Update routes file]
Succeeded [Remove unused directory docs]
Succeeded [Deleted directories that are no longer needed]
Succeeded [Overwrite app/filters.js]
Succeeded [Overwrite app/assets/javascripts/application.js]
ENOENT: no such file or directory, stat '/Users/jamesfrancis/Documents/GitHub/fds-prototype/app/views/layout_unbranded.html'
Error: ENOENT: no such file or directory, stat '/Users/jamesfrancis/Documents/GitHub/fds-prototype/app/views/layout_unbranded.html'
